[INFO ] 2019-09-03 18:23:57,027 [main] Logback logging API implementation is configured.
[INFO ] 2019-09-03 18:23:57,350 [main] Mapped URL path [/system/info/overview.view] onto handler 'commonWebappSystemInfoController'
[INFO ] 2019-09-03 18:23:57,350 [main] Mapped URL path [/system/info/debug.view] onto handler 'filenameViewController'
[INFO ] 2019-09-03 18:23:57,362 [main] Mapped URL path [/system/logging/overview.view] onto handler 'commonWebappLoggingOverviewController'
[INFO ] 2019-09-03 18:23:57,373 [main] Mapped URL path [/system/overview.view] onto handler 'commonWebappSystemOverviewController'
[INFO ] 2019-09-03 18:23:58,098 [main] Mapped URL path [/protocol] onto handler 'rdf4jProtocolController'
[INFO ] 2019-09-03 18:23:58,150 [main] Mapped URL path [/repositories] onto handler 'rdf4jRepositoryListController'
[INFO ] 2019-09-03 18:23:58,182 [main] Mapped URL path [/repositories/*] onto handler 'rdf4jRepositoryController'
[INFO ] 2019-09-03 18:23:58,186 [main] Mapped URL path [/repositories/*/transactions/*] onto handler 'rdf4jRepositoryTransactionController'
[INFO ] 2019-09-03 18:23:58,189 [main] Mapped URL path [/repositories/*/namespaces] onto handler 'rdf4jRepositoryNamespacesController'
[INFO ] 2019-09-03 18:23:58,190 [main] Mapped URL path [/repositories/*/contexts] onto handler 'rdf4jRepositoryContextsController'
[INFO ] 2019-09-03 18:23:58,193 [main] Mapped URL path [/repositories/*/transactions] onto handler 'rdf4jRepositoryTransactionStartController'
[INFO ] 2019-09-03 18:23:58,196 [main] Mapped URL path [/repositories/*/rdf-graphs/*] onto handler 'rdf4jRepositoryGraphController'
[INFO ] 2019-09-03 18:23:58,196 [main] Mapped URL path [/repositories/*/size] onto handler 'rdf4jRepositorySizeController'
[INFO ] 2019-09-03 18:23:58,197 [main] Mapped URL path [/repositories/*/namespaces/*] onto handler 'rdf4jRepositoryNamespaceController'
[INFO ] 2019-09-03 18:23:58,197 [main] Mapped URL path [/repositories/*/rdf-graphs] onto handler 'rdf4jRepositoryContextsController'
[INFO ] 2019-09-03 18:23:58,198 [main] Mapped URL path [/repositories/*/statements] onto handler 'rdf4jRepositoryStatementsController'
[INFO ] 2019-09-03 18:23:58,199 [main] Mapped URL path [/home/overview.view] onto handler 'filenameViewController'
[INFO ] 2019-09-03 18:23:58,199 [main] Mapped URL path [/overview.view] onto handler 'filenameViewController'
[INFO ] 2019-09-03 18:23:58,386 [main] FrameworkServlet 'rdf4j-http-server': initialization completed in 2887 ms
[INFO ] 2019-09-03 18:24:18,068 [http-nio-8080-exec-10] Request for query 3392903 is finished
[INFO ] 2019-09-03 18:24:18,199 [http-nio-8080-exec-4] Request for query 3392903 is finished
[INFO ] 2019-09-03 18:24:18,805 [http-nio-8080-exec-8] Request for query 3392903 is finished
[INFO ] 2019-09-03 18:24:18,937 [http-nio-8080-exec-2] Request for query 3392903 is finished
