[INFO ] 2019-09-21 16:09:14,074 [main] Logback logging API implementation is configured.
[INFO ] 2019-09-21 16:09:14,693 [main] Mapped URL path [/system/info/overview.view] onto handler 'commonWebappSystemInfoController'
[INFO ] 2019-09-21 16:09:14,693 [main] Mapped URL path [/system/info/debug.view] onto handler 'filenameViewController'
[INFO ] 2019-09-21 16:09:14,714 [main] Mapped URL path [/system/logging/overview.view] onto handler 'commonWebappLoggingOverviewController'
[INFO ] 2019-09-21 16:09:14,737 [main] Mapped URL path [/system/overview.view] onto handler 'commonWebappSystemOverviewController'
[INFO ] 2019-09-21 16:09:15,642 [main] Mapped URL path [/protocol] onto handler 'rdf4jProtocolController'
[INFO ] 2019-09-21 16:09:15,710 [main] Mapped URL path [/repositories] onto handler 'rdf4jRepositoryListController'
[INFO ] 2019-09-21 16:09:15,760 [main] Mapped URL path [/repositories/*] onto handler 'rdf4jRepositoryController'
[INFO ] 2019-09-21 16:09:15,769 [main] Mapped URL path [/repositories/*/transactions/*] onto handler 'rdf4jRepositoryTransactionController'
[INFO ] 2019-09-21 16:09:15,770 [main] Mapped URL path [/repositories/*/namespaces] onto handler 'rdf4jRepositoryNamespacesController'
[INFO ] 2019-09-21 16:09:15,771 [main] Mapped URL path [/repositories/*/contexts] onto handler 'rdf4jRepositoryContextsController'
[INFO ] 2019-09-21 16:09:15,775 [main] Mapped URL path [/repositories/*/transactions] onto handler 'rdf4jRepositoryTransactionStartController'
[INFO ] 2019-09-21 16:09:15,779 [main] Mapped URL path [/repositories/*/rdf-graphs/*] onto handler 'rdf4jRepositoryGraphController'
[INFO ] 2019-09-21 16:09:15,779 [main] Mapped URL path [/repositories/*/size] onto handler 'rdf4jRepositorySizeController'
[INFO ] 2019-09-21 16:09:15,780 [main] Mapped URL path [/repositories/*/namespaces/*] onto handler 'rdf4jRepositoryNamespaceController'
[INFO ] 2019-09-21 16:09:15,780 [main] Mapped URL path [/repositories/*/rdf-graphs] onto handler 'rdf4jRepositoryContextsController'
[INFO ] 2019-09-21 16:09:15,782 [main] Mapped URL path [/repositories/*/statements] onto handler 'rdf4jRepositoryStatementsController'
[INFO ] 2019-09-21 16:09:15,786 [main] Mapped URL path [/home/overview.view] onto handler 'filenameViewController'
[INFO ] 2019-09-21 16:09:15,786 [main] Mapped URL path [/overview.view] onto handler 'filenameViewController'
[INFO ] 2019-09-21 16:09:16,088 [main] FrameworkServlet 'rdf4j-http-server': initialization completed in 4019 ms
[INFO ] 2019-09-21 16:10:05,608 [repositories/test] GET statements
[INFO ] 2019-09-21 16:10:53,421 [http-nio-8080-exec-5] Request for query 3392903 is finished
[INFO ] 2019-09-21 16:11:22,792 [repositories/anime] GET statements
[INFO ] 2019-09-21 16:11:31,518 [repositories/ok] Client sent bad request ( 404)
org.eclipse.rdf4j.http.server.ClientHTTPException: Unknown repository: ok
	at org.eclipse.rdf4j.http.server.repository.RepositoryInterceptor.setRequestAttributes(RepositoryInterceptor.java:108)
	at org.eclipse.rdf4j.http.server.ServerInterceptor.preHandle(ServerInterceptor.java:32)
	at org.eclipse.rdf4j.http.server.repository.RepositoryInterceptor.preHandle(RepositoryInterceptor.java:82)
	at org.eclipse.rdf4j.http.server.repository.RepositoryInterceptor$$FastClassBySpringCGLIB$$7a1fdc31.invoke(<generated>)
	at org.springframework.cglib.proxy.MethodProxy.invoke(MethodProxy.java:204)
	at org.springframework.aop.framework.CglibAopProxy$CglibMethodInvocation.invokeJoinpoint(CglibAopProxy.java:736)
	at org.springframework.aop.framework.ReflectiveMethodInvocation.proceed(ReflectiveMethodInvocation.java:157)
	at org.springframework.aop.support.DelegatingIntroductionInterceptor.doProceed(DelegatingIntroductionInterceptor.java:133)
	at org.springframework.aop.support.DelegatingIntroductionInterceptor.invoke(DelegatingIntroductionInterceptor.java:121)
	at org.springframework.aop.framework.ReflectiveMethodInvocation.proceed(ReflectiveMethodInvocation.java:179)
	at org.springframework.aop.framework.CglibAopProxy$DynamicAdvisedInterceptor.intercept(CglibAopProxy.java:671)
	at org.eclipse.rdf4j.http.server.repository.RepositoryInterceptor$$EnhancerBySpringCGLIB$$5acc0a47.preHandle(<generated>)
	at org.springframework.web.servlet.HandlerExecutionChain.applyPreHandle(HandlerExecutionChain.java:133)
	at org.springframework.web.servlet.DispatcherServlet.doDispatch(DispatcherServlet.java:962)
	at org.springframework.web.servlet.DispatcherServlet.doService(DispatcherServlet.java:901)
	at org.springframework.web.servlet.FrameworkServlet.processRequest(FrameworkServlet.java:970)
	at org.springframework.web.servlet.FrameworkServlet.doGet(FrameworkServlet.java:861)
	at javax.servlet.http.HttpServlet.service(HttpServlet.java:634)
	at org.springframework.web.servlet.FrameworkServlet.service(FrameworkServlet.java:846)
	at javax.servlet.http.HttpServlet.service(HttpServlet.java:741)
	at org.apache.catalina.core.ApplicationFilterChain.internalDoFilter(ApplicationFilterChain.java:231)
	at org.apache.catalina.core.ApplicationFilterChain.doFilter(ApplicationFilterChain.java:166)
	at org.apache.tomcat.websocket.server.WsFilter.doFilter(WsFilter.java:53)
	at org.apache.catalina.core.ApplicationFilterChain.internalDoFilter(ApplicationFilterChain.java:193)
	at org.apache.catalina.core.ApplicationFilterChain.doFilter(ApplicationFilterChain.java:166)
	at org.apache.catalina.filters.CorsFilter.handleNonCORS(CorsFilter.java:352)
	at org.apache.catalina.filters.CorsFilter.doFilter(CorsFilter.java:171)
	at org.apache.catalina.core.ApplicationFilterChain.internalDoFilter(ApplicationFilterChain.java:193)
	at org.apache.catalina.core.ApplicationFilterChain.doFilter(ApplicationFilterChain.java:166)
	at com.github.ziplet.filter.compression.CompressingFilter.doFilter(CompressingFilter.java:300)
	at org.apache.catalina.core.ApplicationFilterChain.internalDoFilter(ApplicationFilterChain.java:193)
	at org.apache.catalina.core.ApplicationFilterChain.doFilter(ApplicationFilterChain.java:166)
	at org.apache.catalina.core.StandardWrapperValve.invoke(StandardWrapperValve.java:202)
	at org.apache.catalina.core.StandardContextValve.invoke(StandardContextValve.java:96)
	at org.apache.catalina.authenticator.AuthenticatorBase.invoke(AuthenticatorBase.java:490)
	at org.apache.catalina.core.StandardHostValve.invoke(StandardHostValve.java:139)
	at org.apache.catalina.valves.ErrorReportValve.invoke(ErrorReportValve.java:92)
	at org.apache.catalina.valves.AbstractAccessLogValve.invoke(AbstractAccessLogValve.java:678)
	at org.apache.catalina.core.StandardEngineValve.invoke(StandardEngineValve.java:74)
	at org.apache.catalina.connector.CoyoteAdapter.service(CoyoteAdapter.java:343)
	at org.apache.coyote.http11.Http11Processor.service(Http11Processor.java:408)
	at org.apache.coyote.AbstractProcessorLight.process(AbstractProcessorLight.java:66)
	at org.apache.coyote.AbstractProtocol$ConnectionHandler.process(AbstractProtocol.java:853)
	at org.apache.tomcat.util.net.NioEndpoint$SocketProcessor.doRun(NioEndpoint.java:1587)
	at org.apache.tomcat.util.net.SocketProcessorBase.run(SocketProcessorBase.java:49)
	at java.util.concurrent.ThreadPoolExecutor.runWorker(ThreadPoolExecutor.java:1149)
	at java.util.concurrent.ThreadPoolExecutor$Worker.run(ThreadPoolExecutor.java:624)
	at org.apache.tomcat.util.threads.TaskThread$WrappingRunnable.run(TaskThread.java:61)
	at java.lang.Thread.run(Thread.java:748)
[INFO ] 2019-09-21 16:11:39,678 [repositories/test] GET statements
[INFO ] 2019-09-21 23:24:43,047 [main] Closing WebApplicationContext for namespace 'rdf4j-http-server-servlet': startup date [Sat Sep 21 16:09:12 WEST 2019]; root of context hierarchy
