[INFO ] 2019-09-23 14:51:20,068 [main] Logback logging API implementation is configured.
[INFO ] 2019-09-23 14:51:20,473 [main] Mapped URL path [/system/info/overview.view] onto handler 'commonWebappSystemInfoController'
[INFO ] 2019-09-23 14:51:20,473 [main] Mapped URL path [/system/info/debug.view] onto handler 'filenameViewController'
[INFO ] 2019-09-23 14:51:20,487 [main] Mapped URL path [/system/logging/overview.view] onto handler 'commonWebappLoggingOverviewController'
[INFO ] 2019-09-23 14:51:20,501 [main] Mapped URL path [/system/overview.view] onto handler 'commonWebappSystemOverviewController'
[INFO ] 2019-09-23 14:51:21,386 [main] Mapped URL path [/protocol] onto handler 'rdf4jProtocolController'
[INFO ] 2019-09-23 14:51:21,438 [main] Mapped URL path [/repositories] onto handler 'rdf4jRepositoryListController'
[INFO ] 2019-09-23 14:51:21,488 [main] Mapped URL path [/repositories/*] onto handler 'rdf4jRepositoryController'
[INFO ] 2019-09-23 14:51:21,494 [main] Mapped URL path [/repositories/*/transactions/*] onto handler 'rdf4jRepositoryTransactionController'
[INFO ] 2019-09-23 14:51:21,495 [main] Mapped URL path [/repositories/*/namespaces] onto handler 'rdf4jRepositoryNamespacesController'
[INFO ] 2019-09-23 14:51:21,496 [main] Mapped URL path [/repositories/*/contexts] onto handler 'rdf4jRepositoryContextsController'
[INFO ] 2019-09-23 14:51:21,501 [main] Mapped URL path [/repositories/*/transactions] onto handler 'rdf4jRepositoryTransactionStartController'
[INFO ] 2019-09-23 14:51:21,507 [main] Mapped URL path [/repositories/*/rdf-graphs/*] onto handler 'rdf4jRepositoryGraphController'
[INFO ] 2019-09-23 14:51:21,508 [main] Mapped URL path [/repositories/*/size] onto handler 'rdf4jRepositorySizeController'
[INFO ] 2019-09-23 14:51:21,509 [main] Mapped URL path [/repositories/*/namespaces/*] onto handler 'rdf4jRepositoryNamespaceController'
[INFO ] 2019-09-23 14:51:21,509 [main] Mapped URL path [/repositories/*/rdf-graphs] onto handler 'rdf4jRepositoryContextsController'
[INFO ] 2019-09-23 14:51:21,512 [main] Mapped URL path [/repositories/*/statements] onto handler 'rdf4jRepositoryStatementsController'
[INFO ] 2019-09-23 14:51:21,514 [main] Mapped URL path [/home/overview.view] onto handler 'filenameViewController'
[INFO ] 2019-09-23 14:51:21,515 [main] Mapped URL path [/overview.view] onto handler 'filenameViewController'
[INFO ] 2019-09-23 14:51:21,801 [main] FrameworkServlet 'rdf4j-http-server': initialization completed in 3361 ms
[INFO ] 2019-09-23 14:52:30,696 [repositories/anime] GET query -50314184
[INFO ] 2019-09-23 14:52:32,231 [repositories/anime] Request for query -50314184 is finished
[INFO ] 2019-09-23 14:53:56,080 [http-nio-8080-exec-10] Request for query 3392903 is finished
[INFO ] 2019-09-23 14:53:57,178 [http-nio-8080-exec-2] Request for query 3392903 is finished
[INFO ] 2019-09-23 15:13:47,554 [http-nio-8080-exec-3] Request for query 3392903 is finished
[INFO ] 2019-09-23 15:27:33,839 [http-nio-8080-exec-10] Request for query 3392903 is finished
[INFO ] 2019-09-23 15:27:53,115 [repositories/anime] GET query -50314184
[INFO ] 2019-09-23 15:27:53,296 [repositories/anime] Request for query -50314184 is finished
[INFO ] 2019-09-23 15:31:35,335 [repositories/anime] POST query 3392903
[INFO ] 2019-09-23 15:31:35,343 [repositories/anime] Client sent bad request ( 400)
org.eclipse.rdf4j.http.server.ClientHTTPException: Missing parameter: query
	at org.eclipse.rdf4j.http.server.repository.RepositoryController.handleRequestInternal(RepositoryController.java:248)
	at org.springframework.web.servlet.mvc.AbstractController.handleRequest(AbstractController.java:174)
	at org.springframework.web.servlet.mvc.SimpleControllerHandlerAdapter.handle(SimpleControllerHandlerAdapter.java:50)
	at org.springframework.web.servlet.DispatcherServlet.doDispatch(DispatcherServlet.java:967)
	at org.springframework.web.servlet.DispatcherServlet.doService(DispatcherServlet.java:901)
	at org.springframework.web.servlet.FrameworkServlet.processRequest(FrameworkServlet.java:970)
	at org.springframework.web.servlet.FrameworkServlet.doPost(FrameworkServlet.java:872)
	at javax.servlet.http.HttpServlet.service(HttpServlet.java:660)
	at org.springframework.web.servlet.FrameworkServlet.service(FrameworkServlet.java:846)
	at javax.servlet.http.HttpServlet.service(HttpServlet.java:741)
	at org.apache.catalina.core.ApplicationFilterChain.internalDoFilter(ApplicationFilterChain.java:231)
	at org.apache.catalina.core.ApplicationFilterChain.doFilter(ApplicationFilterChain.java:166)
	at org.apache.tomcat.websocket.server.WsFilter.doFilter(WsFilter.java:53)
	at org.apache.catalina.core.ApplicationFilterChain.internalDoFilter(ApplicationFilterChain.java:193)
	at org.apache.catalina.core.ApplicationFilterChain.doFilter(ApplicationFilterChain.java:166)
	at org.apache.catalina.filters.CorsFilter.handleSimpleCORS(CorsFilter.java:259)
	at org.apache.catalina.filters.CorsFilter.doFilter(CorsFilter.java:163)
	at org.apache.catalina.core.ApplicationFilterChain.internalDoFilter(ApplicationFilterChain.java:193)
	at org.apache.catalina.core.ApplicationFilterChain.doFilter(ApplicationFilterChain.java:166)
	at com.github.ziplet.filter.compression.CompressingFilter.doFilter(CompressingFilter.java:300)
	at org.apache.catalina.core.ApplicationFilterChain.internalDoFilter(ApplicationFilterChain.java:193)
	at org.apache.catalina.core.ApplicationFilterChain.doFilter(ApplicationFilterChain.java:166)
	at org.apache.catalina.core.StandardWrapperValve.invoke(StandardWrapperValve.java:202)
	at org.apache.catalina.core.StandardContextValve.invoke(StandardContextValve.java:96)
	at org.apache.catalina.authenticator.AuthenticatorBase.invoke(AuthenticatorBase.java:490)
	at org.apache.catalina.core.StandardHostValve.invoke(StandardHostValve.java:139)
	at org.apache.catalina.valves.ErrorReportValve.invoke(ErrorReportValve.java:92)
	at org.apache.catalina.valves.AbstractAccessLogValve.invoke(AbstractAccessLogValve.java:678)
	at org.apache.catalina.core.StandardEngineValve.invoke(StandardEngineValve.java:74)
	at org.apache.catalina.connector.CoyoteAdapter.service(CoyoteAdapter.java:343)
	at org.apache.coyote.http11.Http11Processor.service(Http11Processor.java:408)
	at org.apache.coyote.AbstractProcessorLight.process(AbstractProcessorLight.java:66)
	at org.apache.coyote.AbstractProtocol$ConnectionHandler.process(AbstractProtocol.java:853)
	at org.apache.tomcat.util.net.NioEndpoint$SocketProcessor.doRun(NioEndpoint.java:1587)
	at org.apache.tomcat.util.net.SocketProcessorBase.run(SocketProcessorBase.java:49)
	at java.util.concurrent.ThreadPoolExecutor.runWorker(ThreadPoolExecutor.java:1149)
	at java.util.concurrent.ThreadPoolExecutor$Worker.run(ThreadPoolExecutor.java:624)
	at org.apache.tomcat.util.threads.TaskThread$WrappingRunnable.run(TaskThread.java:61)
	at java.lang.Thread.run(Thread.java:748)
[INFO ] 2019-09-23 15:31:46,676 [repositories/anime] POST query 3392903
[INFO ] 2019-09-23 15:31:46,676 [repositories/anime] Client sent bad request ( 400)
org.eclipse.rdf4j.http.server.ClientHTTPException: Missing parameter: query
	at org.eclipse.rdf4j.http.server.repository.RepositoryController.handleRequestInternal(RepositoryController.java:248)
	at org.springframework.web.servlet.mvc.AbstractController.handleRequest(AbstractController.java:174)
	at org.springframework.web.servlet.mvc.SimpleControllerHandlerAdapter.handle(SimpleControllerHandlerAdapter.java:50)
	at org.springframework.web.servlet.DispatcherServlet.doDispatch(DispatcherServlet.java:967)
	at org.springframework.web.servlet.DispatcherServlet.doService(DispatcherServlet.java:901)
	at org.springframework.web.servlet.FrameworkServlet.processRequest(FrameworkServlet.java:970)
	at org.springframework.web.servlet.FrameworkServlet.doPost(FrameworkServlet.java:872)
	at javax.servlet.http.HttpServlet.service(HttpServlet.java:660)
	at org.springframework.web.servlet.FrameworkServlet.service(FrameworkServlet.java:846)
	at javax.servlet.http.HttpServlet.service(HttpServlet.java:741)
	at org.apache.catalina.core.ApplicationFilterChain.internalDoFilter(ApplicationFilterChain.java:231)
	at org.apache.catalina.core.ApplicationFilterChain.doFilter(ApplicationFilterChain.java:166)
	at org.apache.tomcat.websocket.server.WsFilter.doFilter(WsFilter.java:53)
	at org.apache.catalina.core.ApplicationFilterChain.internalDoFilter(ApplicationFilterChain.java:193)
	at org.apache.catalina.core.ApplicationFilterChain.doFilter(ApplicationFilterChain.java:166)
	at org.apache.catalina.filters.CorsFilter.handleSimpleCORS(CorsFilter.java:259)
	at org.apache.catalina.filters.CorsFilter.doFilter(CorsFilter.java:163)
	at org.apache.catalina.core.ApplicationFilterChain.internalDoFilter(ApplicationFilterChain.java:193)
	at org.apache.catalina.core.ApplicationFilterChain.doFilter(ApplicationFilterChain.java:166)
	at com.github.ziplet.filter.compression.CompressingFilter.doFilter(CompressingFilter.java:300)
	at org.apache.catalina.core.ApplicationFilterChain.internalDoFilter(ApplicationFilterChain.java:193)
	at org.apache.catalina.core.ApplicationFilterChain.doFilter(ApplicationFilterChain.java:166)
	at org.apache.catalina.core.StandardWrapperValve.invoke(StandardWrapperValve.java:202)
	at org.apache.catalina.core.StandardContextValve.invoke(StandardContextValve.java:96)
	at org.apache.catalina.authenticator.AuthenticatorBase.invoke(AuthenticatorBase.java:490)
	at org.apache.catalina.core.StandardHostValve.invoke(StandardHostValve.java:139)
	at org.apache.catalina.valves.ErrorReportValve.invoke(ErrorReportValve.java:92)
	at org.apache.catalina.valves.AbstractAccessLogValve.invoke(AbstractAccessLogValve.java:678)
	at org.apache.catalina.core.StandardEngineValve.invoke(StandardEngineValve.java:74)
	at org.apache.catalina.connector.CoyoteAdapter.service(CoyoteAdapter.java:343)
	at org.apache.coyote.http11.Http11Processor.service(Http11Processor.java:408)
	at org.apache.coyote.AbstractProcessorLight.process(AbstractProcessorLight.java:66)
	at org.apache.coyote.AbstractProtocol$ConnectionHandler.process(AbstractProtocol.java:853)
	at org.apache.tomcat.util.net.NioEndpoint$SocketProcessor.doRun(NioEndpoint.java:1587)
	at org.apache.tomcat.util.net.SocketProcessorBase.run(SocketProcessorBase.java:49)
	at java.util.concurrent.ThreadPoolExecutor.runWorker(ThreadPoolExecutor.java:1149)
	at java.util.concurrent.ThreadPoolExecutor$Worker.run(ThreadPoolExecutor.java:624)
	at org.apache.tomcat.util.threads.TaskThread$WrappingRunnable.run(TaskThread.java:61)
	at java.lang.Thread.run(Thread.java:748)
[INFO ] 2019-09-23 15:31:52,616 [repositories/anime] POST query 3392903
[INFO ] 2019-09-23 15:31:52,617 [repositories/anime] Client sent bad request ( 400)
org.eclipse.rdf4j.http.server.ClientHTTPException: Missing parameter: query
	at org.eclipse.rdf4j.http.server.repository.RepositoryController.handleRequestInternal(RepositoryController.java:248)
	at org.springframework.web.servlet.mvc.AbstractController.handleRequest(AbstractController.java:174)
	at org.springframework.web.servlet.mvc.SimpleControllerHandlerAdapter.handle(SimpleControllerHandlerAdapter.java:50)
	at org.springframework.web.servlet.DispatcherServlet.doDispatch(DispatcherServlet.java:967)
	at org.springframework.web.servlet.DispatcherServlet.doService(DispatcherServlet.java:901)
	at org.springframework.web.servlet.FrameworkServlet.processRequest(FrameworkServlet.java:970)
	at org.springframework.web.servlet.FrameworkServlet.doPost(FrameworkServlet.java:872)
	at javax.servlet.http.HttpServlet.service(HttpServlet.java:660)
	at org.springframework.web.servlet.FrameworkServlet.service(FrameworkServlet.java:846)
	at javax.servlet.http.HttpServlet.service(HttpServlet.java:741)
	at org.apache.catalina.core.ApplicationFilterChain.internalDoFilter(ApplicationFilterChain.java:231)
	at org.apache.catalina.core.ApplicationFilterChain.doFilter(ApplicationFilterChain.java:166)
	at org.apache.tomcat.websocket.server.WsFilter.doFilter(WsFilter.java:53)
	at org.apache.catalina.core.ApplicationFilterChain.internalDoFilter(ApplicationFilterChain.java:193)
	at org.apache.catalina.core.ApplicationFilterChain.doFilter(ApplicationFilterChain.java:166)
	at org.apache.catalina.filters.CorsFilter.handleSimpleCORS(CorsFilter.java:259)
	at org.apache.catalina.filters.CorsFilter.doFilter(CorsFilter.java:163)
	at org.apache.catalina.core.ApplicationFilterChain.internalDoFilter(ApplicationFilterChain.java:193)
	at org.apache.catalina.core.ApplicationFilterChain.doFilter(ApplicationFilterChain.java:166)
	at com.github.ziplet.filter.compression.CompressingFilter.doFilter(CompressingFilter.java:300)
	at org.apache.catalina.core.ApplicationFilterChain.internalDoFilter(ApplicationFilterChain.java:193)
	at org.apache.catalina.core.ApplicationFilterChain.doFilter(ApplicationFilterChain.java:166)
	at org.apache.catalina.core.StandardWrapperValve.invoke(StandardWrapperValve.java:202)
	at org.apache.catalina.core.StandardContextValve.invoke(StandardContextValve.java:96)
	at org.apache.catalina.authenticator.AuthenticatorBase.invoke(AuthenticatorBase.java:490)
	at org.apache.catalina.core.StandardHostValve.invoke(StandardHostValve.java:139)
	at org.apache.catalina.valves.ErrorReportValve.invoke(ErrorReportValve.java:92)
	at org.apache.catalina.valves.AbstractAccessLogValve.invoke(AbstractAccessLogValve.java:678)
	at org.apache.catalina.core.StandardEngineValve.invoke(StandardEngineValve.java:74)
	at org.apache.catalina.connector.CoyoteAdapter.service(CoyoteAdapter.java:343)
	at org.apache.coyote.http11.Http11Processor.service(Http11Processor.java:408)
	at org.apache.coyote.AbstractProcessorLight.process(AbstractProcessorLight.java:66)
	at org.apache.coyote.AbstractProtocol$ConnectionHandler.process(AbstractProtocol.java:853)
	at org.apache.tomcat.util.net.NioEndpoint$SocketProcessor.doRun(NioEndpoint.java:1587)
	at org.apache.tomcat.util.net.SocketProcessorBase.run(SocketProcessorBase.java:49)
	at java.util.concurrent.ThreadPoolExecutor.runWorker(ThreadPoolExecutor.java:1149)
	at java.util.concurrent.ThreadPoolExecutor$Worker.run(ThreadPoolExecutor.java:624)
	at org.apache.tomcat.util.threads.TaskThread$WrappingRunnable.run(TaskThread.java:61)
	at java.lang.Thread.run(Thread.java:748)
[INFO ] 2019-09-23 15:32:24,662 [repositories/anime] GET query -1115256837
[INFO ] 2019-09-23 15:32:24,687 [repositories/anime] Client sent bad request ( 400)
org.eclipse.rdf4j.http.server.ClientHTTPException: MALFORMED QUERY: Encountered " "<" "< "" at line 1, column 10.
Was expecting:
    <Q_IRI_REF> ...
    
	at org.eclipse.rdf4j.http.server.repository.RepositoryController.getQuery(RepositoryController.java:341)
	at org.eclipse.rdf4j.http.server.repository.RepositoryController.handleRequestInternal(RepositoryController.java:172)
	at org.springframework.web.servlet.mvc.AbstractController.handleRequest(AbstractController.java:174)
	at org.springframework.web.servlet.mvc.SimpleControllerHandlerAdapter.handle(SimpleControllerHandlerAdapter.java:50)
	at org.springframework.web.servlet.DispatcherServlet.doDispatch(DispatcherServlet.java:967)
	at org.springframework.web.servlet.DispatcherServlet.doService(DispatcherServlet.java:901)
	at org.springframework.web.servlet.FrameworkServlet.processRequest(FrameworkServlet.java:970)
	at org.springframework.web.servlet.FrameworkServlet.doGet(FrameworkServlet.java:861)
	at javax.servlet.http.HttpServlet.service(HttpServlet.java:634)
	at org.springframework.web.servlet.FrameworkServlet.service(FrameworkServlet.java:846)
	at javax.servlet.http.HttpServlet.service(HttpServlet.java:741)
	at org.apache.catalina.core.ApplicationFilterChain.internalDoFilter(ApplicationFilterChain.java:231)
	at org.apache.catalina.core.ApplicationFilterChain.doFilter(ApplicationFilterChain.java:166)
	at org.apache.tomcat.websocket.server.WsFilter.doFilter(WsFilter.java:53)
	at org.apache.catalina.core.ApplicationFilterChain.internalDoFilter(ApplicationFilterChain.java:193)
	at org.apache.catalina.core.ApplicationFilterChain.doFilter(ApplicationFilterChain.java:166)
	at org.apache.catalina.filters.CorsFilter.handleSimpleCORS(CorsFilter.java:259)
	at org.apache.catalina.filters.CorsFilter.doFilter(CorsFilter.java:163)
	at org.apache.catalina.core.ApplicationFilterChain.internalDoFilter(ApplicationFilterChain.java:193)
	at org.apache.catalina.core.ApplicationFilterChain.doFilter(ApplicationFilterChain.java:166)
	at com.github.ziplet.filter.compression.CompressingFilter.doFilter(CompressingFilter.java:300)
	at org.apache.catalina.core.ApplicationFilterChain.internalDoFilter(ApplicationFilterChain.java:193)
	at org.apache.catalina.core.ApplicationFilterChain.doFilter(ApplicationFilterChain.java:166)
	at org.apache.catalina.core.StandardWrapperValve.invoke(StandardWrapperValve.java:202)
	at org.apache.catalina.core.StandardContextValve.invoke(StandardContextValve.java:96)
	at org.apache.catalina.authenticator.AuthenticatorBase.invoke(AuthenticatorBase.java:490)
	at org.apache.catalina.core.StandardHostValve.invoke(StandardHostValve.java:139)
	at org.apache.catalina.valves.ErrorReportValve.invoke(ErrorReportValve.java:92)
	at org.apache.catalina.valves.AbstractAccessLogValve.invoke(AbstractAccessLogValve.java:678)
	at org.apache.catalina.core.StandardEngineValve.invoke(StandardEngineValve.java:74)
	at org.apache.catalina.connector.CoyoteAdapter.service(CoyoteAdapter.java:343)
	at org.apache.coyote.http11.Http11Processor.service(Http11Processor.java:408)
	at org.apache.coyote.AbstractProcessorLight.process(AbstractProcessorLight.java:66)
	at org.apache.coyote.AbstractProtocol$ConnectionHandler.process(AbstractProtocol.java:853)
	at org.apache.tomcat.util.net.NioEndpoint$SocketProcessor.doRun(NioEndpoint.java:1587)
	at org.apache.tomcat.util.net.SocketProcessorBase.run(SocketProcessorBase.java:49)
	at java.util.concurrent.ThreadPoolExecutor.runWorker(ThreadPoolExecutor.java:1149)
	at java.util.concurrent.ThreadPoolExecutor$Worker.run(ThreadPoolExecutor.java:624)
	at org.apache.tomcat.util.threads.TaskThread$WrappingRunnable.run(TaskThread.java:61)
	at java.lang.Thread.run(Thread.java:748)
[INFO ] 2019-09-23 15:32:29,322 [repositories/anime] GET query -1115256837
[INFO ] 2019-09-23 15:32:29,322 [repositories/anime] Client sent bad request ( 400)
org.eclipse.rdf4j.http.server.ClientHTTPException: MALFORMED QUERY: Encountered " "<" "< "" at line 1, column 10.
Was expecting:
    <Q_IRI_REF> ...
    
	at org.eclipse.rdf4j.http.server.repository.RepositoryController.getQuery(RepositoryController.java:341)
	at org.eclipse.rdf4j.http.server.repository.RepositoryController.handleRequestInternal(RepositoryController.java:172)
	at org.springframework.web.servlet.mvc.AbstractController.handleRequest(AbstractController.java:174)
	at org.springframework.web.servlet.mvc.SimpleControllerHandlerAdapter.handle(SimpleControllerHandlerAdapter.java:50)
	at org.springframework.web.servlet.DispatcherServlet.doDispatch(DispatcherServlet.java:967)
	at org.springframework.web.servlet.DispatcherServlet.doService(DispatcherServlet.java:901)
	at org.springframework.web.servlet.FrameworkServlet.processRequest(FrameworkServlet.java:970)
	at org.springframework.web.servlet.FrameworkServlet.doGet(FrameworkServlet.java:861)
	at javax.servlet.http.HttpServlet.service(HttpServlet.java:634)
	at org.springframework.web.servlet.FrameworkServlet.service(FrameworkServlet.java:846)
	at javax.servlet.http.HttpServlet.service(HttpServlet.java:741)
	at org.apache.catalina.core.ApplicationFilterChain.internalDoFilter(ApplicationFilterChain.java:231)
	at org.apache.catalina.core.ApplicationFilterChain.doFilter(ApplicationFilterChain.java:166)
	at org.apache.tomcat.websocket.server.WsFilter.doFilter(WsFilter.java:53)
	at org.apache.catalina.core.ApplicationFilterChain.internalDoFilter(ApplicationFilterChain.java:193)
	at org.apache.catalina.core.ApplicationFilterChain.doFilter(ApplicationFilterChain.java:166)
	at org.apache.catalina.filters.CorsFilter.handleSimpleCORS(CorsFilter.java:259)
	at org.apache.catalina.filters.CorsFilter.doFilter(CorsFilter.java:163)
	at org.apache.catalina.core.ApplicationFilterChain.internalDoFilter(ApplicationFilterChain.java:193)
	at org.apache.catalina.core.ApplicationFilterChain.doFilter(ApplicationFilterChain.java:166)
	at com.github.ziplet.filter.compression.CompressingFilter.doFilter(CompressingFilter.java:300)
	at org.apache.catalina.core.ApplicationFilterChain.internalDoFilter(ApplicationFilterChain.java:193)
	at org.apache.catalina.core.ApplicationFilterChain.doFilter(ApplicationFilterChain.java:166)
	at org.apache.catalina.core.StandardWrapperValve.invoke(StandardWrapperValve.java:202)
	at org.apache.catalina.core.StandardContextValve.invoke(StandardContextValve.java:96)
	at org.apache.catalina.authenticator.AuthenticatorBase.invoke(AuthenticatorBase.java:490)
	at org.apache.catalina.core.StandardHostValve.invoke(StandardHostValve.java:139)
	at org.apache.catalina.valves.ErrorReportValve.invoke(ErrorReportValve.java:92)
	at org.apache.catalina.valves.AbstractAccessLogValve.invoke(AbstractAccessLogValve.java:678)
	at org.apache.catalina.core.StandardEngineValve.invoke(StandardEngineValve.java:74)
	at org.apache.catalina.connector.CoyoteAdapter.service(CoyoteAdapter.java:343)
	at org.apache.coyote.http11.Http11Processor.service(Http11Processor.java:408)
	at org.apache.coyote.AbstractProcessorLight.process(AbstractProcessorLight.java:66)
	at org.apache.coyote.AbstractProtocol$ConnectionHandler.process(AbstractProtocol.java:853)
	at org.apache.tomcat.util.net.NioEndpoint$SocketProcessor.doRun(NioEndpoint.java:1587)
	at org.apache.tomcat.util.net.SocketProcessorBase.run(SocketProcessorBase.java:49)
	at java.util.concurrent.ThreadPoolExecutor.runWorker(ThreadPoolExecutor.java:1149)
	at java.util.concurrent.ThreadPoolExecutor$Worker.run(ThreadPoolExecutor.java:624)
	at org.apache.tomcat.util.threads.TaskThread$WrappingRunnable.run(TaskThread.java:61)
	at java.lang.Thread.run(Thread.java:748)
[INFO ] 2019-09-23 15:33:25,537 [repositories/anime] POST query 60054074
[INFO ] 2019-09-23 15:33:25,870 [repositories/anime] Request for query 3392903 is finished
[INFO ] 2019-09-23 15:33:42,762 [repositories/anime] GET query -1115256837
[INFO ] 2019-09-23 15:33:42,767 [repositories/anime] Client sent bad request ( 400)
org.eclipse.rdf4j.http.server.ClientHTTPException: MALFORMED QUERY: Encountered " "<" "< "" at line 1, column 10.
Was expecting:
    <Q_IRI_REF> ...
    
	at org.eclipse.rdf4j.http.server.repository.RepositoryController.getQuery(RepositoryController.java:341)
	at org.eclipse.rdf4j.http.server.repository.RepositoryController.handleRequestInternal(RepositoryController.java:172)
	at org.springframework.web.servlet.mvc.AbstractController.handleRequest(AbstractController.java:174)
	at org.springframework.web.servlet.mvc.SimpleControllerHandlerAdapter.handle(SimpleControllerHandlerAdapter.java:50)
	at org.springframework.web.servlet.DispatcherServlet.doDispatch(DispatcherServlet.java:967)
	at org.springframework.web.servlet.DispatcherServlet.doService(DispatcherServlet.java:901)
	at org.springframework.web.servlet.FrameworkServlet.processRequest(FrameworkServlet.java:970)
	at org.springframework.web.servlet.FrameworkServlet.doGet(FrameworkServlet.java:861)
	at javax.servlet.http.HttpServlet.service(HttpServlet.java:634)
	at org.springframework.web.servlet.FrameworkServlet.service(FrameworkServlet.java:846)
	at javax.servlet.http.HttpServlet.service(HttpServlet.java:741)
	at org.apache.catalina.core.ApplicationFilterChain.internalDoFilter(ApplicationFilterChain.java:231)
	at org.apache.catalina.core.ApplicationFilterChain.doFilter(ApplicationFilterChain.java:166)
	at org.apache.tomcat.websocket.server.WsFilter.doFilter(WsFilter.java:53)
	at org.apache.catalina.core.ApplicationFilterChain.internalDoFilter(ApplicationFilterChain.java:193)
	at org.apache.catalina.core.ApplicationFilterChain.doFilter(ApplicationFilterChain.java:166)
	at org.apache.catalina.filters.CorsFilter.handleSimpleCORS(CorsFilter.java:259)
	at org.apache.catalina.filters.CorsFilter.doFilter(CorsFilter.java:163)
	at org.apache.catalina.core.ApplicationFilterChain.internalDoFilter(ApplicationFilterChain.java:193)
	at org.apache.catalina.core.ApplicationFilterChain.doFilter(ApplicationFilterChain.java:166)
	at com.github.ziplet.filter.compression.CompressingFilter.doFilter(CompressingFilter.java:300)
	at org.apache.catalina.core.ApplicationFilterChain.internalDoFilter(ApplicationFilterChain.java:193)
	at org.apache.catalina.core.ApplicationFilterChain.doFilter(ApplicationFilterChain.java:166)
	at org.apache.catalina.core.StandardWrapperValve.invoke(StandardWrapperValve.java:202)
	at org.apache.catalina.core.StandardContextValve.invoke(StandardContextValve.java:96)
	at org.apache.catalina.authenticator.AuthenticatorBase.invoke(AuthenticatorBase.java:490)
	at org.apache.catalina.core.StandardHostValve.invoke(StandardHostValve.java:139)
	at org.apache.catalina.valves.ErrorReportValve.invoke(ErrorReportValve.java:92)
	at org.apache.catalina.valves.AbstractAccessLogValve.invoke(AbstractAccessLogValve.java:678)
	at org.apache.catalina.core.StandardEngineValve.invoke(StandardEngineValve.java:74)
	at org.apache.catalina.connector.CoyoteAdapter.service(CoyoteAdapter.java:343)
	at org.apache.coyote.http11.Http11Processor.service(Http11Processor.java:408)
	at org.apache.coyote.AbstractProcessorLight.process(AbstractProcessorLight.java:66)
	at org.apache.coyote.AbstractProtocol$ConnectionHandler.process(AbstractProtocol.java:853)
	at org.apache.tomcat.util.net.NioEndpoint$SocketProcessor.doRun(NioEndpoint.java:1587)
	at org.apache.tomcat.util.net.SocketProcessorBase.run(SocketProcessorBase.java:49)
	at java.util.concurrent.ThreadPoolExecutor.runWorker(ThreadPoolExecutor.java:1149)
	at java.util.concurrent.ThreadPoolExecutor$Worker.run(ThreadPoolExecutor.java:624)
	at org.apache.tomcat.util.threads.TaskThread$WrappingRunnable.run(TaskThread.java:61)
	at java.lang.Thread.run(Thread.java:748)
[INFO ] 2019-09-23 15:33:46,278 [repositories/anime] GET query -1115256837
[INFO ] 2019-09-23 15:33:46,283 [repositories/anime] Client sent bad request ( 400)
org.eclipse.rdf4j.http.server.ClientHTTPException: MALFORMED QUERY: Encountered " "<" "< "" at line 1, column 10.
Was expecting:
    <Q_IRI_REF> ...
    
	at org.eclipse.rdf4j.http.server.repository.RepositoryController.getQuery(RepositoryController.java:341)
	at org.eclipse.rdf4j.http.server.repository.RepositoryController.handleRequestInternal(RepositoryController.java:172)
	at org.springframework.web.servlet.mvc.AbstractController.handleRequest(AbstractController.java:174)
	at org.springframework.web.servlet.mvc.SimpleControllerHandlerAdapter.handle(SimpleControllerHandlerAdapter.java:50)
	at org.springframework.web.servlet.DispatcherServlet.doDispatch(DispatcherServlet.java:967)
	at org.springframework.web.servlet.DispatcherServlet.doService(DispatcherServlet.java:901)
	at org.springframework.web.servlet.FrameworkServlet.processRequest(FrameworkServlet.java:970)
	at org.springframework.web.servlet.FrameworkServlet.doGet(FrameworkServlet.java:861)
	at javax.servlet.http.HttpServlet.service(HttpServlet.java:634)
	at org.springframework.web.servlet.FrameworkServlet.service(FrameworkServlet.java:846)
	at javax.servlet.http.HttpServlet.service(HttpServlet.java:741)
	at org.apache.catalina.core.ApplicationFilterChain.internalDoFilter(ApplicationFilterChain.java:231)
	at org.apache.catalina.core.ApplicationFilterChain.doFilter(ApplicationFilterChain.java:166)
	at org.apache.tomcat.websocket.server.WsFilter.doFilter(WsFilter.java:53)
	at org.apache.catalina.core.ApplicationFilterChain.internalDoFilter(ApplicationFilterChain.java:193)
	at org.apache.catalina.core.ApplicationFilterChain.doFilter(ApplicationFilterChain.java:166)
	at org.apache.catalina.filters.CorsFilter.handleSimpleCORS(CorsFilter.java:259)
	at org.apache.catalina.filters.CorsFilter.doFilter(CorsFilter.java:163)
	at org.apache.catalina.core.ApplicationFilterChain.internalDoFilter(ApplicationFilterChain.java:193)
	at org.apache.catalina.core.ApplicationFilterChain.doFilter(ApplicationFilterChain.java:166)
	at com.github.ziplet.filter.compression.CompressingFilter.doFilter(CompressingFilter.java:300)
	at org.apache.catalina.core.ApplicationFilterChain.internalDoFilter(ApplicationFilterChain.java:193)
	at org.apache.catalina.core.ApplicationFilterChain.doFilter(ApplicationFilterChain.java:166)
	at org.apache.catalina.core.StandardWrapperValve.invoke(StandardWrapperValve.java:202)
	at org.apache.catalina.core.StandardContextValve.invoke(StandardContextValve.java:96)
	at org.apache.catalina.authenticator.AuthenticatorBase.invoke(AuthenticatorBase.java:490)
	at org.apache.catalina.core.StandardHostValve.invoke(StandardHostValve.java:139)
	at org.apache.catalina.valves.ErrorReportValve.invoke(ErrorReportValve.java:92)
	at org.apache.catalina.valves.AbstractAccessLogValve.invoke(AbstractAccessLogValve.java:678)
	at org.apache.catalina.core.StandardEngineValve.invoke(StandardEngineValve.java:74)
	at org.apache.catalina.connector.CoyoteAdapter.service(CoyoteAdapter.java:343)
	at org.apache.coyote.http11.Http11Processor.service(Http11Processor.java:408)
	at org.apache.coyote.AbstractProcessorLight.process(AbstractProcessorLight.java:66)
	at org.apache.coyote.AbstractProtocol$ConnectionHandler.process(AbstractProtocol.java:853)
	at org.apache.tomcat.util.net.NioEndpoint$SocketProcessor.doRun(NioEndpoint.java:1587)
	at org.apache.tomcat.util.net.SocketProcessorBase.run(SocketProcessorBase.java:49)
	at java.util.concurrent.ThreadPoolExecutor.runWorker(ThreadPoolExecutor.java:1149)
	at java.util.concurrent.ThreadPoolExecutor$Worker.run(ThreadPoolExecutor.java:624)
	at org.apache.tomcat.util.threads.TaskThread$WrappingRunnable.run(TaskThread.java:61)
	at java.lang.Thread.run(Thread.java:748)
[INFO ] 2019-09-23 15:35:32,383 [repositories/anime] POST query 3392903
[INFO ] 2019-09-23 15:35:32,383 [repositories/anime] Client sent bad request ( 400)
org.eclipse.rdf4j.http.server.ClientHTTPException: Missing parameter: query
	at org.eclipse.rdf4j.http.server.repository.RepositoryController.handleRequestInternal(RepositoryController.java:248)
	at org.springframework.web.servlet.mvc.AbstractController.handleRequest(AbstractController.java:174)
	at org.springframework.web.servlet.mvc.SimpleControllerHandlerAdapter.handle(SimpleControllerHandlerAdapter.java:50)
	at org.springframework.web.servlet.DispatcherServlet.doDispatch(DispatcherServlet.java:967)
	at org.springframework.web.servlet.DispatcherServlet.doService(DispatcherServlet.java:901)
	at org.springframework.web.servlet.FrameworkServlet.processRequest(FrameworkServlet.java:970)
	at org.springframework.web.servlet.FrameworkServlet.doPost(FrameworkServlet.java:872)
	at javax.servlet.http.HttpServlet.service(HttpServlet.java:660)
	at org.springframework.web.servlet.FrameworkServlet.service(FrameworkServlet.java:846)
	at javax.servlet.http.HttpServlet.service(HttpServlet.java:741)
	at org.apache.catalina.core.ApplicationFilterChain.internalDoFilter(ApplicationFilterChain.java:231)
	at org.apache.catalina.core.ApplicationFilterChain.doFilter(ApplicationFilterChain.java:166)
	at org.apache.tomcat.websocket.server.WsFilter.doFilter(WsFilter.java:53)
	at org.apache.catalina.core.ApplicationFilterChain.internalDoFilter(ApplicationFilterChain.java:193)
	at org.apache.catalina.core.ApplicationFilterChain.doFilter(ApplicationFilterChain.java:166)
	at org.apache.catalina.filters.CorsFilter.handleSimpleCORS(CorsFilter.java:259)
	at org.apache.catalina.filters.CorsFilter.doFilter(CorsFilter.java:163)
	at org.apache.catalina.core.ApplicationFilterChain.internalDoFilter(ApplicationFilterChain.java:193)
	at org.apache.catalina.core.ApplicationFilterChain.doFilter(ApplicationFilterChain.java:166)
	at com.github.ziplet.filter.compression.CompressingFilter.doFilter(CompressingFilter.java:300)
	at org.apache.catalina.core.ApplicationFilterChain.internalDoFilter(ApplicationFilterChain.java:193)
	at org.apache.catalina.core.ApplicationFilterChain.doFilter(ApplicationFilterChain.java:166)
	at org.apache.catalina.core.StandardWrapperValve.invoke(StandardWrapperValve.java:202)
	at org.apache.catalina.core.StandardContextValve.invoke(StandardContextValve.java:96)
	at org.apache.catalina.authenticator.AuthenticatorBase.invoke(AuthenticatorBase.java:490)
	at org.apache.catalina.core.StandardHostValve.invoke(StandardHostValve.java:139)
	at org.apache.catalina.valves.ErrorReportValve.invoke(ErrorReportValve.java:92)
	at org.apache.catalina.valves.AbstractAccessLogValve.invoke(AbstractAccessLogValve.java:678)
	at org.apache.catalina.core.StandardEngineValve.invoke(StandardEngineValve.java:74)
	at org.apache.catalina.connector.CoyoteAdapter.service(CoyoteAdapter.java:343)
	at org.apache.coyote.http11.Http11Processor.service(Http11Processor.java:408)
	at org.apache.coyote.AbstractProcessorLight.process(AbstractProcessorLight.java:66)
	at org.apache.coyote.AbstractProtocol$ConnectionHandler.process(AbstractProtocol.java:853)
	at org.apache.tomcat.util.net.NioEndpoint$SocketProcessor.doRun(NioEndpoint.java:1587)
	at org.apache.tomcat.util.net.SocketProcessorBase.run(SocketProcessorBase.java:49)
	at java.util.concurrent.ThreadPoolExecutor.runWorker(ThreadPoolExecutor.java:1149)
	at java.util.concurrent.ThreadPoolExecutor$Worker.run(ThreadPoolExecutor.java:624)
	at org.apache.tomcat.util.threads.TaskThread$WrappingRunnable.run(TaskThread.java:61)
	at java.lang.Thread.run(Thread.java:748)
[INFO ] 2019-09-23 15:36:29,102 [repositories/anime] Client sent bad request ( 415)
org.eclipse.rdf4j.http.server.ClientHTTPException: Unsupported MIME type: null
	at org.eclipse.rdf4j.http.server.repository.RepositoryController.handleRequestInternal(RepositoryController.java:106)
	at org.springframework.web.servlet.mvc.AbstractController.handleRequest(AbstractController.java:174)
	at org.springframework.web.servlet.mvc.SimpleControllerHandlerAdapter.handle(SimpleControllerHandlerAdapter.java:50)
	at org.springframework.web.servlet.DispatcherServlet.doDispatch(DispatcherServlet.java:967)
	at org.springframework.web.servlet.DispatcherServlet.doService(DispatcherServlet.java:901)
	at org.springframework.web.servlet.FrameworkServlet.processRequest(FrameworkServlet.java:970)
	at org.springframework.web.servlet.FrameworkServlet.doPost(FrameworkServlet.java:872)
	at javax.servlet.http.HttpServlet.service(HttpServlet.java:660)
	at org.springframework.web.servlet.FrameworkServlet.service(FrameworkServlet.java:846)
	at javax.servlet.http.HttpServlet.service(HttpServlet.java:741)
	at org.apache.catalina.core.ApplicationFilterChain.internalDoFilter(ApplicationFilterChain.java:231)
	at org.apache.catalina.core.ApplicationFilterChain.doFilter(ApplicationFilterChain.java:166)
	at org.apache.tomcat.websocket.server.WsFilter.doFilter(WsFilter.java:53)
	at org.apache.catalina.core.ApplicationFilterChain.internalDoFilter(ApplicationFilterChain.java:193)
	at org.apache.catalina.core.ApplicationFilterChain.doFilter(ApplicationFilterChain.java:166)
	at org.apache.catalina.filters.CorsFilter.handleNonCORS(CorsFilter.java:352)
	at org.apache.catalina.filters.CorsFilter.doFilter(CorsFilter.java:171)
	at org.apache.catalina.core.ApplicationFilterChain.internalDoFilter(ApplicationFilterChain.java:193)
	at org.apache.catalina.core.ApplicationFilterChain.doFilter(ApplicationFilterChain.java:166)
	at com.github.ziplet.filter.compression.CompressingFilter.doFilter(CompressingFilter.java:300)
	at org.apache.catalina.core.ApplicationFilterChain.internalDoFilter(ApplicationFilterChain.java:193)
	at org.apache.catalina.core.ApplicationFilterChain.doFilter(ApplicationFilterChain.java:166)
	at org.apache.catalina.core.StandardWrapperValve.invoke(StandardWrapperValve.java:202)
	at org.apache.catalina.core.StandardContextValve.invoke(StandardContextValve.java:96)
	at org.apache.catalina.authenticator.AuthenticatorBase.invoke(AuthenticatorBase.java:490)
	at org.apache.catalina.core.StandardHostValve.invoke(StandardHostValve.java:139)
	at org.apache.catalina.valves.ErrorReportValve.invoke(ErrorReportValve.java:92)
	at org.apache.catalina.valves.AbstractAccessLogValve.invoke(AbstractAccessLogValve.java:678)
	at org.apache.catalina.core.StandardEngineValve.invoke(StandardEngineValve.java:74)
	at org.apache.catalina.connector.CoyoteAdapter.service(CoyoteAdapter.java:343)
	at org.apache.coyote.http11.Http11Processor.service(Http11Processor.java:408)
	at org.apache.coyote.AbstractProcessorLight.process(AbstractProcessorLight.java:66)
	at org.apache.coyote.AbstractProtocol$ConnectionHandler.process(AbstractProtocol.java:853)
	at org.apache.tomcat.util.net.NioEndpoint$SocketProcessor.doRun(NioEndpoint.java:1587)
	at org.apache.tomcat.util.net.SocketProcessorBase.run(SocketProcessorBase.java:49)
	at java.util.concurrent.ThreadPoolExecutor.runWorker(ThreadPoolExecutor.java:1149)
	at java.util.concurrent.ThreadPoolExecutor$Worker.run(ThreadPoolExecutor.java:624)
	at org.apache.tomcat.util.threads.TaskThread$WrappingRunnable.run(TaskThread.java:61)
	at java.lang.Thread.run(Thread.java:748)
[INFO ] 2019-09-23 15:37:26,217 [repositories/anime] Client sent bad request ( 415)
org.eclipse.rdf4j.http.server.ClientHTTPException: Unsupported MIME type: application/json
	at org.eclipse.rdf4j.http.server.repository.RepositoryController.handleRequestInternal(RepositoryController.java:106)
	at org.springframework.web.servlet.mvc.AbstractController.handleRequest(AbstractController.java:174)
	at org.springframework.web.servlet.mvc.SimpleControllerHandlerAdapter.handle(SimpleControllerHandlerAdapter.java:50)
	at org.springframework.web.servlet.DispatcherServlet.doDispatch(DispatcherServlet.java:967)
	at org.springframework.web.servlet.DispatcherServlet.doService(DispatcherServlet.java:901)
	at org.springframework.web.servlet.FrameworkServlet.processRequest(FrameworkServlet.java:970)
	at org.springframework.web.servlet.FrameworkServlet.doPost(FrameworkServlet.java:872)
	at javax.servlet.http.HttpServlet.service(HttpServlet.java:660)
	at org.springframework.web.servlet.FrameworkServlet.service(FrameworkServlet.java:846)
	at javax.servlet.http.HttpServlet.service(HttpServlet.java:741)
	at org.apache.catalina.core.ApplicationFilterChain.internalDoFilter(ApplicationFilterChain.java:231)
	at org.apache.catalina.core.ApplicationFilterChain.doFilter(ApplicationFilterChain.java:166)
	at org.apache.tomcat.websocket.server.WsFilter.doFilter(WsFilter.java:53)
	at org.apache.catalina.core.ApplicationFilterChain.internalDoFilter(ApplicationFilterChain.java:193)
	at org.apache.catalina.core.ApplicationFilterChain.doFilter(ApplicationFilterChain.java:166)
	at org.apache.catalina.filters.CorsFilter.handleSimpleCORS(CorsFilter.java:259)
	at org.apache.catalina.filters.CorsFilter.doFilter(CorsFilter.java:163)
	at org.apache.catalina.core.ApplicationFilterChain.internalDoFilter(ApplicationFilterChain.java:193)
	at org.apache.catalina.core.ApplicationFilterChain.doFilter(ApplicationFilterChain.java:166)
	at com.github.ziplet.filter.compression.CompressingFilter.doFilter(CompressingFilter.java:300)
	at org.apache.catalina.core.ApplicationFilterChain.internalDoFilter(ApplicationFilterChain.java:193)
	at org.apache.catalina.core.ApplicationFilterChain.doFilter(ApplicationFilterChain.java:166)
	at org.apache.catalina.core.StandardWrapperValve.invoke(StandardWrapperValve.java:202)
	at org.apache.catalina.core.StandardContextValve.invoke(StandardContextValve.java:96)
	at org.apache.catalina.authenticator.AuthenticatorBase.invoke(AuthenticatorBase.java:490)
	at org.apache.catalina.core.StandardHostValve.invoke(StandardHostValve.java:139)
	at org.apache.catalina.valves.ErrorReportValve.invoke(ErrorReportValve.java:92)
	at org.apache.catalina.valves.AbstractAccessLogValve.invoke(AbstractAccessLogValve.java:678)
	at org.apache.catalina.core.StandardEngineValve.invoke(StandardEngineValve.java:74)
	at org.apache.catalina.connector.CoyoteAdapter.service(CoyoteAdapter.java:343)
	at org.apache.coyote.http11.Http11Processor.service(Http11Processor.java:408)
	at org.apache.coyote.AbstractProcessorLight.process(AbstractProcessorLight.java:66)
	at org.apache.coyote.AbstractProtocol$ConnectionHandler.process(AbstractProtocol.java:853)
	at org.apache.tomcat.util.net.NioEndpoint$SocketProcessor.doRun(NioEndpoint.java:1587)
	at org.apache.tomcat.util.net.SocketProcessorBase.run(SocketProcessorBase.java:49)
	at java.util.concurrent.ThreadPoolExecutor.runWorker(ThreadPoolExecutor.java:1149)
	at java.util.concurrent.ThreadPoolExecutor$Worker.run(ThreadPoolExecutor.java:624)
	at org.apache.tomcat.util.threads.TaskThread$WrappingRunnable.run(TaskThread.java:61)
	at java.lang.Thread.run(Thread.java:748)
[INFO ] 2019-09-23 15:38:08,492 [repositories/anime] Client sent bad request ( 415)
org.eclipse.rdf4j.http.server.ClientHTTPException: Unsupported MIME type: application/json
	at org.eclipse.rdf4j.http.server.repository.RepositoryController.handleRequestInternal(RepositoryController.java:106)
	at org.springframework.web.servlet.mvc.AbstractController.handleRequest(AbstractController.java:174)
	at org.springframework.web.servlet.mvc.SimpleControllerHandlerAdapter.handle(SimpleControllerHandlerAdapter.java:50)
	at org.springframework.web.servlet.DispatcherServlet.doDispatch(DispatcherServlet.java:967)
	at org.springframework.web.servlet.DispatcherServlet.doService(DispatcherServlet.java:901)
	at org.springframework.web.servlet.FrameworkServlet.processRequest(FrameworkServlet.java:970)
	at org.springframework.web.servlet.FrameworkServlet.doPost(FrameworkServlet.java:872)
	at javax.servlet.http.HttpServlet.service(HttpServlet.java:660)
	at org.springframework.web.servlet.FrameworkServlet.service(FrameworkServlet.java:846)
	at javax.servlet.http.HttpServlet.service(HttpServlet.java:741)
	at org.apache.catalina.core.ApplicationFilterChain.internalDoFilter(ApplicationFilterChain.java:231)
	at org.apache.catalina.core.ApplicationFilterChain.doFilter(ApplicationFilterChain.java:166)
	at org.apache.tomcat.websocket.server.WsFilter.doFilter(WsFilter.java:53)
	at org.apache.catalina.core.ApplicationFilterChain.internalDoFilter(ApplicationFilterChain.java:193)
	at org.apache.catalina.core.ApplicationFilterChain.doFilter(ApplicationFilterChain.java:166)
	at org.apache.catalina.filters.CorsFilter.handleSimpleCORS(CorsFilter.java:259)
	at org.apache.catalina.filters.CorsFilter.doFilter(CorsFilter.java:163)
	at org.apache.catalina.core.ApplicationFilterChain.internalDoFilter(ApplicationFilterChain.java:193)
	at org.apache.catalina.core.ApplicationFilterChain.doFilter(ApplicationFilterChain.java:166)
	at com.github.ziplet.filter.compression.CompressingFilter.doFilter(CompressingFilter.java:300)
	at org.apache.catalina.core.ApplicationFilterChain.internalDoFilter(ApplicationFilterChain.java:193)
	at org.apache.catalina.core.ApplicationFilterChain.doFilter(ApplicationFilterChain.java:166)
	at org.apache.catalina.core.StandardWrapperValve.invoke(StandardWrapperValve.java:202)
	at org.apache.catalina.core.StandardContextValve.invoke(StandardContextValve.java:96)
	at org.apache.catalina.authenticator.AuthenticatorBase.invoke(AuthenticatorBase.java:490)
	at org.apache.catalina.core.StandardHostValve.invoke(StandardHostValve.java:139)
	at org.apache.catalina.valves.ErrorReportValve.invoke(ErrorReportValve.java:92)
	at org.apache.catalina.valves.AbstractAccessLogValve.invoke(AbstractAccessLogValve.java:678)
	at org.apache.catalina.core.StandardEngineValve.invoke(StandardEngineValve.java:74)
	at org.apache.catalina.connector.CoyoteAdapter.service(CoyoteAdapter.java:343)
	at org.apache.coyote.http11.Http11Processor.service(Http11Processor.java:408)
	at org.apache.coyote.AbstractProcessorLight.process(AbstractProcessorLight.java:66)
	at org.apache.coyote.AbstractProtocol$ConnectionHandler.process(AbstractProtocol.java:853)
	at org.apache.tomcat.util.net.NioEndpoint$SocketProcessor.doRun(NioEndpoint.java:1587)
	at org.apache.tomcat.util.net.SocketProcessorBase.run(SocketProcessorBase.java:49)
	at java.util.concurrent.ThreadPoolExecutor.runWorker(ThreadPoolExecutor.java:1149)
	at java.util.concurrent.ThreadPoolExecutor$Worker.run(ThreadPoolExecutor.java:624)
	at org.apache.tomcat.util.threads.TaskThread$WrappingRunnable.run(TaskThread.java:61)
	at java.lang.Thread.run(Thread.java:748)
[INFO ] 2019-09-23 15:38:55,437 [repositories/anime] Client sent bad request ( 415)
org.eclipse.rdf4j.http.server.ClientHTTPException: Unsupported MIME type: application/json
	at org.eclipse.rdf4j.http.server.repository.RepositoryController.handleRequestInternal(RepositoryController.java:106)
	at org.springframework.web.servlet.mvc.AbstractController.handleRequest(AbstractController.java:174)
	at org.springframework.web.servlet.mvc.SimpleControllerHandlerAdapter.handle(SimpleControllerHandlerAdapter.java:50)
	at org.springframework.web.servlet.DispatcherServlet.doDispatch(DispatcherServlet.java:967)
	at org.springframework.web.servlet.DispatcherServlet.doService(DispatcherServlet.java:901)
	at org.springframework.web.servlet.FrameworkServlet.processRequest(FrameworkServlet.java:970)
	at org.springframework.web.servlet.FrameworkServlet.doPost(FrameworkServlet.java:872)
	at javax.servlet.http.HttpServlet.service(HttpServlet.java:660)
	at org.springframework.web.servlet.FrameworkServlet.service(FrameworkServlet.java:846)
	at javax.servlet.http.HttpServlet.service(HttpServlet.java:741)
	at org.apache.catalina.core.ApplicationFilterChain.internalDoFilter(ApplicationFilterChain.java:231)
	at org.apache.catalina.core.ApplicationFilterChain.doFilter(ApplicationFilterChain.java:166)
	at org.apache.tomcat.websocket.server.WsFilter.doFilter(WsFilter.java:53)
	at org.apache.catalina.core.ApplicationFilterChain.internalDoFilter(ApplicationFilterChain.java:193)
	at org.apache.catalina.core.ApplicationFilterChain.doFilter(ApplicationFilterChain.java:166)
	at org.apache.catalina.filters.CorsFilter.handleSimpleCORS(CorsFilter.java:259)
	at org.apache.catalina.filters.CorsFilter.doFilter(CorsFilter.java:163)
	at org.apache.catalina.core.ApplicationFilterChain.internalDoFilter(ApplicationFilterChain.java:193)
	at org.apache.catalina.core.ApplicationFilterChain.doFilter(ApplicationFilterChain.java:166)
	at com.github.ziplet.filter.compression.CompressingFilter.doFilter(CompressingFilter.java:300)
	at org.apache.catalina.core.ApplicationFilterChain.internalDoFilter(ApplicationFilterChain.java:193)
	at org.apache.catalina.core.ApplicationFilterChain.doFilter(ApplicationFilterChain.java:166)
	at org.apache.catalina.core.StandardWrapperValve.invoke(StandardWrapperValve.java:202)
	at org.apache.catalina.core.StandardContextValve.invoke(StandardContextValve.java:96)
	at org.apache.catalina.authenticator.AuthenticatorBase.invoke(AuthenticatorBase.java:490)
	at org.apache.catalina.core.StandardHostValve.invoke(StandardHostValve.java:139)
	at org.apache.catalina.valves.ErrorReportValve.invoke(ErrorReportValve.java:92)
	at org.apache.catalina.valves.AbstractAccessLogValve.invoke(AbstractAccessLogValve.java:678)
	at org.apache.catalina.core.StandardEngineValve.invoke(StandardEngineValve.java:74)
	at org.apache.catalina.connector.CoyoteAdapter.service(CoyoteAdapter.java:343)
	at org.apache.coyote.http11.Http11Processor.service(Http11Processor.java:408)
	at org.apache.coyote.AbstractProcessorLight.process(AbstractProcessorLight.java:66)
	at org.apache.coyote.AbstractProtocol$ConnectionHandler.process(AbstractProtocol.java:853)
	at org.apache.tomcat.util.net.NioEndpoint$SocketProcessor.doRun(NioEndpoint.java:1587)
	at org.apache.tomcat.util.net.SocketProcessorBase.run(SocketProcessorBase.java:49)
	at java.util.concurrent.ThreadPoolExecutor.runWorker(ThreadPoolExecutor.java:1149)
	at java.util.concurrent.ThreadPoolExecutor$Worker.run(ThreadPoolExecutor.java:624)
	at org.apache.tomcat.util.threads.TaskThread$WrappingRunnable.run(TaskThread.java:61)
	at java.lang.Thread.run(Thread.java:748)
[INFO ] 2019-09-23 15:41:32,614 [repositories/anime] POST query 3392903
[INFO ] 2019-09-23 15:41:32,614 [repositories/anime] Client sent bad request ( 400)
org.eclipse.rdf4j.http.server.ClientHTTPException: Missing parameter: query
	at org.eclipse.rdf4j.http.server.repository.RepositoryController.handleRequestInternal(RepositoryController.java:248)
	at org.springframework.web.servlet.mvc.AbstractController.handleRequest(AbstractController.java:174)
	at org.springframework.web.servlet.mvc.SimpleControllerHandlerAdapter.handle(SimpleControllerHandlerAdapter.java:50)
	at org.springframework.web.servlet.DispatcherServlet.doDispatch(DispatcherServlet.java:967)
	at org.springframework.web.servlet.DispatcherServlet.doService(DispatcherServlet.java:901)
	at org.springframework.web.servlet.FrameworkServlet.processRequest(FrameworkServlet.java:970)
	at org.springframework.web.servlet.FrameworkServlet.doPost(FrameworkServlet.java:872)
	at javax.servlet.http.HttpServlet.service(HttpServlet.java:660)
	at org.springframework.web.servlet.FrameworkServlet.service(FrameworkServlet.java:846)
	at javax.servlet.http.HttpServlet.service(HttpServlet.java:741)
	at org.apache.catalina.core.ApplicationFilterChain.internalDoFilter(ApplicationFilterChain.java:231)
	at org.apache.catalina.core.ApplicationFilterChain.doFilter(ApplicationFilterChain.java:166)
	at org.apache.tomcat.websocket.server.WsFilter.doFilter(WsFilter.java:53)
	at org.apache.catalina.core.ApplicationFilterChain.internalDoFilter(ApplicationFilterChain.java:193)
	at org.apache.catalina.core.ApplicationFilterChain.doFilter(ApplicationFilterChain.java:166)
	at org.apache.catalina.filters.CorsFilter.handleSimpleCORS(CorsFilter.java:259)
	at org.apache.catalina.filters.CorsFilter.doFilter(CorsFilter.java:163)
	at org.apache.catalina.core.ApplicationFilterChain.internalDoFilter(ApplicationFilterChain.java:193)
	at org.apache.catalina.core.ApplicationFilterChain.doFilter(ApplicationFilterChain.java:166)
	at com.github.ziplet.filter.compression.CompressingFilter.doFilter(CompressingFilter.java:300)
	at org.apache.catalina.core.ApplicationFilterChain.internalDoFilter(ApplicationFilterChain.java:193)
	at org.apache.catalina.core.ApplicationFilterChain.doFilter(ApplicationFilterChain.java:166)
	at org.apache.catalina.core.StandardWrapperValve.invoke(StandardWrapperValve.java:202)
	at org.apache.catalina.core.StandardContextValve.invoke(StandardContextValve.java:96)
	at org.apache.catalina.authenticator.AuthenticatorBase.invoke(AuthenticatorBase.java:490)
	at org.apache.catalina.core.StandardHostValve.invoke(StandardHostValve.java:139)
	at org.apache.catalina.valves.ErrorReportValve.invoke(ErrorReportValve.java:92)
	at org.apache.catalina.valves.AbstractAccessLogValve.invoke(AbstractAccessLogValve.java:678)
	at org.apache.catalina.core.StandardEngineValve.invoke(StandardEngineValve.java:74)
	at org.apache.catalina.connector.CoyoteAdapter.service(CoyoteAdapter.java:343)
	at org.apache.coyote.http11.Http11Processor.service(Http11Processor.java:408)
	at org.apache.coyote.AbstractProcessorLight.process(AbstractProcessorLight.java:66)
	at org.apache.coyote.AbstractProtocol$ConnectionHandler.process(AbstractProtocol.java:853)
	at org.apache.tomcat.util.net.NioEndpoint$SocketProcessor.doRun(NioEndpoint.java:1587)
	at org.apache.tomcat.util.net.SocketProcessorBase.run(SocketProcessorBase.java:49)
	at java.util.concurrent.ThreadPoolExecutor.runWorker(ThreadPoolExecutor.java:1149)
	at java.util.concurrent.ThreadPoolExecutor$Worker.run(ThreadPoolExecutor.java:624)
	at org.apache.tomcat.util.threads.TaskThread$WrappingRunnable.run(TaskThread.java:61)
	at java.lang.Thread.run(Thread.java:748)
[INFO ] 2019-09-23 15:43:32,958 [repositories/anime] POST query -289160321
[INFO ] 2019-09-23 15:43:33,322 [repositories/anime] Request for query 3392903 is finished
[INFO ] 2019-09-23 15:44:38,299 [repositories/anime] POST query -289160321
[INFO ] 2019-09-23 15:44:38,404 [repositories/anime] Request for query 3392903 is finished
[INFO ] 2019-09-23 15:44:51,074 [repositories/anime] POST query 60054074
[INFO ] 2019-09-23 15:44:51,242 [repositories/anime] Request for query 3392903 is finished
[INFO ] 2019-09-23 15:45:48,292 [repositories/anime] POST query -289160321
[INFO ] 2019-09-23 15:45:48,414 [repositories/anime] Request for query 3392903 is finished
[INFO ] 2019-09-23 15:48:50,831 [repositories/anime] POST query -289160321
[INFO ] 2019-09-23 15:48:50,953 [repositories/anime] Request for query 3392903 is finished
[INFO ] 2019-09-23 15:50:14,871 [repositories/anime] POST query -289160321
[INFO ] 2019-09-23 15:50:14,973 [repositories/anime] Request for query 3392903 is finished
[INFO ] 2019-09-23 15:53:56,265 [repositories/anime] GET query -1115256837
[INFO ] 2019-09-23 15:53:56,266 [repositories/anime] Client sent bad request ( 400)
org.eclipse.rdf4j.http.server.ClientHTTPException: MALFORMED QUERY: Encountered " "<" "< "" at line 1, column 10.
Was expecting:
    <Q_IRI_REF> ...
    
	at org.eclipse.rdf4j.http.server.repository.RepositoryController.getQuery(RepositoryController.java:341)
	at org.eclipse.rdf4j.http.server.repository.RepositoryController.handleRequestInternal(RepositoryController.java:172)
	at org.springframework.web.servlet.mvc.AbstractController.handleRequest(AbstractController.java:174)
	at org.springframework.web.servlet.mvc.SimpleControllerHandlerAdapter.handle(SimpleControllerHandlerAdapter.java:50)
	at org.springframework.web.servlet.DispatcherServlet.doDispatch(DispatcherServlet.java:967)
	at org.springframework.web.servlet.DispatcherServlet.doService(DispatcherServlet.java:901)
	at org.springframework.web.servlet.FrameworkServlet.processRequest(FrameworkServlet.java:970)
	at org.springframework.web.servlet.FrameworkServlet.doGet(FrameworkServlet.java:861)
	at javax.servlet.http.HttpServlet.service(HttpServlet.java:634)
	at org.springframework.web.servlet.FrameworkServlet.service(FrameworkServlet.java:846)
	at javax.servlet.http.HttpServlet.service(HttpServlet.java:741)
	at org.apache.catalina.core.ApplicationFilterChain.internalDoFilter(ApplicationFilterChain.java:231)
	at org.apache.catalina.core.ApplicationFilterChain.doFilter(ApplicationFilterChain.java:166)
	at org.apache.tomcat.websocket.server.WsFilter.doFilter(WsFilter.java:53)
	at org.apache.catalina.core.ApplicationFilterChain.internalDoFilter(ApplicationFilterChain.java:193)
	at org.apache.catalina.core.ApplicationFilterChain.doFilter(ApplicationFilterChain.java:166)
	at org.apache.catalina.filters.CorsFilter.handleSimpleCORS(CorsFilter.java:259)
	at org.apache.catalina.filters.CorsFilter.doFilter(CorsFilter.java:163)
	at org.apache.catalina.core.ApplicationFilterChain.internalDoFilter(ApplicationFilterChain.java:193)
	at org.apache.catalina.core.ApplicationFilterChain.doFilter(ApplicationFilterChain.java:166)
	at com.github.ziplet.filter.compression.CompressingFilter.doFilter(CompressingFilter.java:300)
	at org.apache.catalina.core.ApplicationFilterChain.internalDoFilter(ApplicationFilterChain.java:193)
	at org.apache.catalina.core.ApplicationFilterChain.doFilter(ApplicationFilterChain.java:166)
	at org.apache.catalina.core.StandardWrapperValve.invoke(StandardWrapperValve.java:202)
	at org.apache.catalina.core.StandardContextValve.invoke(StandardContextValve.java:96)
	at org.apache.catalina.authenticator.AuthenticatorBase.invoke(AuthenticatorBase.java:490)
	at org.apache.catalina.core.StandardHostValve.invoke(StandardHostValve.java:139)
	at org.apache.catalina.valves.ErrorReportValve.invoke(ErrorReportValve.java:92)
	at org.apache.catalina.valves.AbstractAccessLogValve.invoke(AbstractAccessLogValve.java:678)
	at org.apache.catalina.core.StandardEngineValve.invoke(StandardEngineValve.java:74)
	at org.apache.catalina.connector.CoyoteAdapter.service(CoyoteAdapter.java:343)
	at org.apache.coyote.http11.Http11Processor.service(Http11Processor.java:408)
	at org.apache.coyote.AbstractProcessorLight.process(AbstractProcessorLight.java:66)
	at org.apache.coyote.AbstractProtocol$ConnectionHandler.process(AbstractProtocol.java:853)
	at org.apache.tomcat.util.net.NioEndpoint$SocketProcessor.doRun(NioEndpoint.java:1587)
	at org.apache.tomcat.util.net.SocketProcessorBase.run(SocketProcessorBase.java:49)
	at java.util.concurrent.ThreadPoolExecutor.runWorker(ThreadPoolExecutor.java:1149)
	at java.util.concurrent.ThreadPoolExecutor$Worker.run(ThreadPoolExecutor.java:624)
	at org.apache.tomcat.util.threads.TaskThread$WrappingRunnable.run(TaskThread.java:61)
	at java.lang.Thread.run(Thread.java:748)
[INFO ] 2019-09-23 15:53:59,420 [repositories/anime] GET query -1115256837
[INFO ] 2019-09-23 15:53:59,420 [repositories/anime] Client sent bad request ( 400)
org.eclipse.rdf4j.http.server.ClientHTTPException: MALFORMED QUERY: Encountered " "<" "< "" at line 1, column 10.
Was expecting:
    <Q_IRI_REF> ...
    
	at org.eclipse.rdf4j.http.server.repository.RepositoryController.getQuery(RepositoryController.java:341)
	at org.eclipse.rdf4j.http.server.repository.RepositoryController.handleRequestInternal(RepositoryController.java:172)
	at org.springframework.web.servlet.mvc.AbstractController.handleRequest(AbstractController.java:174)
	at org.springframework.web.servlet.mvc.SimpleControllerHandlerAdapter.handle(SimpleControllerHandlerAdapter.java:50)
	at org.springframework.web.servlet.DispatcherServlet.doDispatch(DispatcherServlet.java:967)
	at org.springframework.web.servlet.DispatcherServlet.doService(DispatcherServlet.java:901)
	at org.springframework.web.servlet.FrameworkServlet.processRequest(FrameworkServlet.java:970)
	at org.springframework.web.servlet.FrameworkServlet.doGet(FrameworkServlet.java:861)
	at javax.servlet.http.HttpServlet.service(HttpServlet.java:634)
	at org.springframework.web.servlet.FrameworkServlet.service(FrameworkServlet.java:846)
	at javax.servlet.http.HttpServlet.service(HttpServlet.java:741)
	at org.apache.catalina.core.ApplicationFilterChain.internalDoFilter(ApplicationFilterChain.java:231)
	at org.apache.catalina.core.ApplicationFilterChain.doFilter(ApplicationFilterChain.java:166)
	at org.apache.tomcat.websocket.server.WsFilter.doFilter(WsFilter.java:53)
	at org.apache.catalina.core.ApplicationFilterChain.internalDoFilter(ApplicationFilterChain.java:193)
	at org.apache.catalina.core.ApplicationFilterChain.doFilter(ApplicationFilterChain.java:166)
	at org.apache.catalina.filters.CorsFilter.handleSimpleCORS(CorsFilter.java:259)
	at org.apache.catalina.filters.CorsFilter.doFilter(CorsFilter.java:163)
	at org.apache.catalina.core.ApplicationFilterChain.internalDoFilter(ApplicationFilterChain.java:193)
	at org.apache.catalina.core.ApplicationFilterChain.doFilter(ApplicationFilterChain.java:166)
	at com.github.ziplet.filter.compression.CompressingFilter.doFilter(CompressingFilter.java:300)
	at org.apache.catalina.core.ApplicationFilterChain.internalDoFilter(ApplicationFilterChain.java:193)
	at org.apache.catalina.core.ApplicationFilterChain.doFilter(ApplicationFilterChain.java:166)
	at org.apache.catalina.core.StandardWrapperValve.invoke(StandardWrapperValve.java:202)
	at org.apache.catalina.core.StandardContextValve.invoke(StandardContextValve.java:96)
	at org.apache.catalina.authenticator.AuthenticatorBase.invoke(AuthenticatorBase.java:490)
	at org.apache.catalina.core.StandardHostValve.invoke(StandardHostValve.java:139)
	at org.apache.catalina.valves.ErrorReportValve.invoke(ErrorReportValve.java:92)
	at org.apache.catalina.valves.AbstractAccessLogValve.invoke(AbstractAccessLogValve.java:678)
	at org.apache.catalina.core.StandardEngineValve.invoke(StandardEngineValve.java:74)
	at org.apache.catalina.connector.CoyoteAdapter.service(CoyoteAdapter.java:343)
	at org.apache.coyote.http11.Http11Processor.service(Http11Processor.java:408)
	at org.apache.coyote.AbstractProcessorLight.process(AbstractProcessorLight.java:66)
	at org.apache.coyote.AbstractProtocol$ConnectionHandler.process(AbstractProtocol.java:853)
	at org.apache.tomcat.util.net.NioEndpoint$SocketProcessor.doRun(NioEndpoint.java:1587)
	at org.apache.tomcat.util.net.SocketProcessorBase.run(SocketProcessorBase.java:49)
	at java.util.concurrent.ThreadPoolExecutor.runWorker(ThreadPoolExecutor.java:1149)
	at java.util.concurrent.ThreadPoolExecutor$Worker.run(ThreadPoolExecutor.java:624)
	at org.apache.tomcat.util.threads.TaskThread$WrappingRunnable.run(TaskThread.java:61)
	at java.lang.Thread.run(Thread.java:748)
[INFO ] 2019-09-23 15:57:18,859 [repositories/anime] GET query 1965616659
[INFO ] 2019-09-23 15:57:18,865 [repositories/anime] Client sent bad request ( 400)
org.eclipse.rdf4j.http.server.ClientHTTPException: MALFORMED QUERY: org.eclipse.rdf4j.query.parser.sparql.ast.VisitorException: QName ':Anime' uses an undefined prefix
	at org.eclipse.rdf4j.http.server.repository.RepositoryController.getQuery(RepositoryController.java:341)
	at org.eclipse.rdf4j.http.server.repository.RepositoryController.handleRequestInternal(RepositoryController.java:172)
	at org.springframework.web.servlet.mvc.AbstractController.handleRequest(AbstractController.java:174)
	at org.springframework.web.servlet.mvc.SimpleControllerHandlerAdapter.handle(SimpleControllerHandlerAdapter.java:50)
	at org.springframework.web.servlet.DispatcherServlet.doDispatch(DispatcherServlet.java:967)
	at org.springframework.web.servlet.DispatcherServlet.doService(DispatcherServlet.java:901)
	at org.springframework.web.servlet.FrameworkServlet.processRequest(FrameworkServlet.java:970)
	at org.springframework.web.servlet.FrameworkServlet.doGet(FrameworkServlet.java:861)
	at javax.servlet.http.HttpServlet.service(HttpServlet.java:634)
	at org.springframework.web.servlet.FrameworkServlet.service(FrameworkServlet.java:846)
	at javax.servlet.http.HttpServlet.service(HttpServlet.java:741)
	at org.apache.catalina.core.ApplicationFilterChain.internalDoFilter(ApplicationFilterChain.java:231)
	at org.apache.catalina.core.ApplicationFilterChain.doFilter(ApplicationFilterChain.java:166)
	at org.apache.tomcat.websocket.server.WsFilter.doFilter(WsFilter.java:53)
	at org.apache.catalina.core.ApplicationFilterChain.internalDoFilter(ApplicationFilterChain.java:193)
	at org.apache.catalina.core.ApplicationFilterChain.doFilter(ApplicationFilterChain.java:166)
	at org.apache.catalina.filters.CorsFilter.handleSimpleCORS(CorsFilter.java:259)
	at org.apache.catalina.filters.CorsFilter.doFilter(CorsFilter.java:163)
	at org.apache.catalina.core.ApplicationFilterChain.internalDoFilter(ApplicationFilterChain.java:193)
	at org.apache.catalina.core.ApplicationFilterChain.doFilter(ApplicationFilterChain.java:166)
	at com.github.ziplet.filter.compression.CompressingFilter.doFilter(CompressingFilter.java:300)
	at org.apache.catalina.core.ApplicationFilterChain.internalDoFilter(ApplicationFilterChain.java:193)
	at org.apache.catalina.core.ApplicationFilterChain.doFilter(ApplicationFilterChain.java:166)
	at org.apache.catalina.core.StandardWrapperValve.invoke(StandardWrapperValve.java:202)
	at org.apache.catalina.core.StandardContextValve.invoke(StandardContextValve.java:96)
	at org.apache.catalina.authenticator.AuthenticatorBase.invoke(AuthenticatorBase.java:490)
	at org.apache.catalina.core.StandardHostValve.invoke(StandardHostValve.java:139)
	at org.apache.catalina.valves.ErrorReportValve.invoke(ErrorReportValve.java:92)
	at org.apache.catalina.valves.AbstractAccessLogValve.invoke(AbstractAccessLogValve.java:678)
	at org.apache.catalina.core.StandardEngineValve.invoke(StandardEngineValve.java:74)
	at org.apache.catalina.connector.CoyoteAdapter.service(CoyoteAdapter.java:343)
	at org.apache.coyote.http11.Http11Processor.service(Http11Processor.java:408)
	at org.apache.coyote.AbstractProcessorLight.process(AbstractProcessorLight.java:66)
	at org.apache.coyote.AbstractProtocol$ConnectionHandler.process(AbstractProtocol.java:853)
	at org.apache.tomcat.util.net.NioEndpoint$SocketProcessor.doRun(NioEndpoint.java:1587)
	at org.apache.tomcat.util.net.SocketProcessorBase.run(SocketProcessorBase.java:49)
	at java.util.concurrent.ThreadPoolExecutor.runWorker(ThreadPoolExecutor.java:1149)
	at java.util.concurrent.ThreadPoolExecutor$Worker.run(ThreadPoolExecutor.java:624)
	at org.apache.tomcat.util.threads.TaskThread$WrappingRunnable.run(TaskThread.java:61)
	at java.lang.Thread.run(Thread.java:748)
[INFO ] 2019-09-23 16:01:48,124 [repositories/anime] POST query 431105405
[INFO ] 2019-09-23 16:01:48,125 [repositories/anime] Client sent bad request ( 400)
org.eclipse.rdf4j.http.server.ClientHTTPException: MALFORMED QUERY: Encountered " "*" "* "" at line 2, column 19.
Was expecting one of:
    "(" ...
    "{" ...
    "from" ...
    "where" ...
    <VAR1> ...
    <VAR2> ...
    
	at org.eclipse.rdf4j.http.server.repository.RepositoryController.getQuery(RepositoryController.java:341)
	at org.eclipse.rdf4j.http.server.repository.RepositoryController.handleRequestInternal(RepositoryController.java:172)
	at org.springframework.web.servlet.mvc.AbstractController.handleRequest(AbstractController.java:174)
	at org.springframework.web.servlet.mvc.SimpleControllerHandlerAdapter.handle(SimpleControllerHandlerAdapter.java:50)
	at org.springframework.web.servlet.DispatcherServlet.doDispatch(DispatcherServlet.java:967)
	at org.springframework.web.servlet.DispatcherServlet.doService(DispatcherServlet.java:901)
	at org.springframework.web.servlet.FrameworkServlet.processRequest(FrameworkServlet.java:970)
	at org.springframework.web.servlet.FrameworkServlet.doPost(FrameworkServlet.java:872)
	at javax.servlet.http.HttpServlet.service(HttpServlet.java:660)
	at org.springframework.web.servlet.FrameworkServlet.service(FrameworkServlet.java:846)
	at javax.servlet.http.HttpServlet.service(HttpServlet.java:741)
	at org.apache.catalina.core.ApplicationFilterChain.internalDoFilter(ApplicationFilterChain.java:231)
	at org.apache.catalina.core.ApplicationFilterChain.doFilter(ApplicationFilterChain.java:166)
	at org.apache.tomcat.websocket.server.WsFilter.doFilter(WsFilter.java:53)
	at org.apache.catalina.core.ApplicationFilterChain.internalDoFilter(ApplicationFilterChain.java:193)
	at org.apache.catalina.core.ApplicationFilterChain.doFilter(ApplicationFilterChain.java:166)
	at org.apache.catalina.filters.CorsFilter.handleNonCORS(CorsFilter.java:352)
	at org.apache.catalina.filters.CorsFilter.doFilter(CorsFilter.java:171)
	at org.apache.catalina.core.ApplicationFilterChain.internalDoFilter(ApplicationFilterChain.java:193)
	at org.apache.catalina.core.ApplicationFilterChain.doFilter(ApplicationFilterChain.java:166)
	at com.github.ziplet.filter.compression.CompressingFilter.doFilter(CompressingFilter.java:300)
	at org.apache.catalina.core.ApplicationFilterChain.internalDoFilter(ApplicationFilterChain.java:193)
	at org.apache.catalina.core.ApplicationFilterChain.doFilter(ApplicationFilterChain.java:166)
	at org.apache.catalina.core.StandardWrapperValve.invoke(StandardWrapperValve.java:202)
	at org.apache.catalina.core.StandardContextValve.invoke(StandardContextValve.java:96)
	at org.apache.catalina.authenticator.AuthenticatorBase.invoke(AuthenticatorBase.java:490)
	at org.apache.catalina.core.StandardHostValve.invoke(StandardHostValve.java:139)
	at org.apache.catalina.valves.ErrorReportValve.invoke(ErrorReportValve.java:92)
	at org.apache.catalina.valves.AbstractAccessLogValve.invoke(AbstractAccessLogValve.java:678)
	at org.apache.catalina.core.StandardEngineValve.invoke(StandardEngineValve.java:74)
	at org.apache.catalina.connector.CoyoteAdapter.service(CoyoteAdapter.java:343)
	at org.apache.coyote.http11.Http11Processor.service(Http11Processor.java:408)
	at org.apache.coyote.AbstractProcessorLight.process(AbstractProcessorLight.java:66)
	at org.apache.coyote.AbstractProtocol$ConnectionHandler.process(AbstractProtocol.java:853)
	at org.apache.tomcat.util.net.NioEndpoint$SocketProcessor.doRun(NioEndpoint.java:1587)
	at org.apache.tomcat.util.net.SocketProcessorBase.run(SocketProcessorBase.java:49)
	at java.util.concurrent.ThreadPoolExecutor.runWorker(ThreadPoolExecutor.java:1149)
	at java.util.concurrent.ThreadPoolExecutor$Worker.run(ThreadPoolExecutor.java:624)
	at org.apache.tomcat.util.threads.TaskThread$WrappingRunnable.run(TaskThread.java:61)
	at java.lang.Thread.run(Thread.java:748)
[INFO ] 2019-09-23 16:01:57,340 [repositories/anime] POST query -1447045517
[INFO ] 2019-09-23 16:01:57,531 [repositories/anime] Request for query 3392903 is finished
[INFO ] 2019-09-23 16:04:10,875 [repositories/anime] GET query -50314184
[INFO ] 2019-09-23 16:04:10,943 [repositories/anime] Request for query -50314184 is finished
[INFO ] 2019-09-23 16:05:37,660 [repositories/anime] GET query -50314184
[INFO ] 2019-09-23 16:05:37,746 [repositories/anime] Request for query -50314184 is finished
[INFO ] 2019-09-23 16:07:31,635 [repositories/anime] GET query -50314184
[INFO ] 2019-09-23 16:07:31,718 [repositories/anime] Request for query -50314184 is finished
[INFO ] 2019-09-23 16:11:16,898 [repositories/anime] GET query -50314184
[INFO ] 2019-09-23 16:11:16,977 [repositories/anime] Request for query -50314184 is finished
[INFO ] 2019-09-23 16:11:33,679 [repositories/anime] GET query -50314184
[INFO ] 2019-09-23 16:11:33,793 [repositories/anime] Request for query -50314184 is finished
[INFO ] 2019-09-23 16:36:30,252 [main] Closing WebApplicationContext for namespace 'rdf4j-http-server-servlet': startup date [Mon Sep 23 14:51:18 WEST 2019]; root of context hierarchy
[INFO ] 2019-09-23 16:44:05,511 [main] Logback logging API implementation is configured.
[INFO ] 2019-09-23 16:44:05,874 [main] Mapped URL path [/system/info/overview.view] onto handler 'commonWebappSystemInfoController'
[INFO ] 2019-09-23 16:44:05,874 [main] Mapped URL path [/system/info/debug.view] onto handler 'filenameViewController'
[INFO ] 2019-09-23 16:44:05,890 [main] Mapped URL path [/system/logging/overview.view] onto handler 'commonWebappLoggingOverviewController'
[INFO ] 2019-09-23 16:44:05,902 [main] Mapped URL path [/system/overview.view] onto handler 'commonWebappSystemOverviewController'
[INFO ] 2019-09-23 16:44:06,452 [main] Mapped URL path [/protocol] onto handler 'rdf4jProtocolController'
[INFO ] 2019-09-23 16:44:06,487 [main] Mapped URL path [/repositories] onto handler 'rdf4jRepositoryListController'
[INFO ] 2019-09-23 16:44:06,516 [main] Mapped URL path [/repositories/*] onto handler 'rdf4jRepositoryController'
[INFO ] 2019-09-23 16:44:06,522 [main] Mapped URL path [/repositories/*/transactions/*] onto handler 'rdf4jRepositoryTransactionController'
[INFO ] 2019-09-23 16:44:06,523 [main] Mapped URL path [/repositories/*/namespaces] onto handler 'rdf4jRepositoryNamespacesController'
[INFO ] 2019-09-23 16:44:06,523 [main] Mapped URL path [/repositories/*/contexts] onto handler 'rdf4jRepositoryContextsController'
[INFO ] 2019-09-23 16:44:06,527 [main] Mapped URL path [/repositories/*/transactions] onto handler 'rdf4jRepositoryTransactionStartController'
[INFO ] 2019-09-23 16:44:06,531 [main] Mapped URL path [/repositories/*/rdf-graphs/*] onto handler 'rdf4jRepositoryGraphController'
[INFO ] 2019-09-23 16:44:06,531 [main] Mapped URL path [/repositories/*/size] onto handler 'rdf4jRepositorySizeController'
[INFO ] 2019-09-23 16:44:06,532 [main] Mapped URL path [/repositories/*/namespaces/*] onto handler 'rdf4jRepositoryNamespaceController'
[INFO ] 2019-09-23 16:44:06,532 [main] Mapped URL path [/repositories/*/rdf-graphs] onto handler 'rdf4jRepositoryContextsController'
[INFO ] 2019-09-23 16:44:06,535 [main] Mapped URL path [/repositories/*/statements] onto handler 'rdf4jRepositoryStatementsController'
[INFO ] 2019-09-23 16:44:06,536 [main] Mapped URL path [/home/overview.view] onto handler 'filenameViewController'
[INFO ] 2019-09-23 16:44:06,536 [main] Mapped URL path [/overview.view] onto handler 'filenameViewController'
[INFO ] 2019-09-23 16:44:06,659 [main] FrameworkServlet 'rdf4j-http-server': initialization completed in 2497 ms
[INFO ] 2019-09-23 16:50:39,881 [http-nio-8080-exec-7] Request for query 3392903 is finished
[INFO ] 2019-09-23 16:50:41,079 [http-nio-8080-exec-8] Request for query 3392903 is finished
[INFO ] 2019-09-23 17:02:47,853 [http-nio-8080-exec-7] Request for query 3392903 is finished
[INFO ] 2019-09-23 17:02:52,890 [http-nio-8080-exec-4] Request for query 3392903 is finished
[INFO ] 2019-09-23 17:03:19,295 [http-nio-8080-exec-1] Request for query 3392903 is finished
[INFO ] 2019-09-23 17:03:31,187 [http-nio-8080-exec-3] Request for query 3392903 is finished
[INFO ] 2019-09-23 17:03:31,210 [http-nio-8080-exec-5] Request for query 3392903 is finished
[INFO ] 2019-09-23 17:03:33,629 [repositories/SYSTEM] POST data to repository
[INFO ] 2019-09-23 17:03:33,629 [repositories/SYSTEM] POST data to repository
[INFO ] 2019-09-23 17:03:34,056 [http-nio-8080-exec-2] Request for query 3392903 is finished
[INFO ] 2019-09-23 17:03:34,084 [http-nio-8080-exec-1] Request for query 3392903 is finished
[INFO ] 2019-09-23 17:03:34,095 [http-nio-8080-exec-3] Request for query 3392903 is finished
[INFO ] 2019-09-23 17:03:34,864 [repositories/ola1] Request for query 3392903 is finished
[INFO ] 2019-09-23 17:03:34,864 [repositories/ola1] Request for query 3392903 is finished
[INFO ] 2019-09-23 17:03:44,416 [http-nio-8080-exec-9] Request for query 3392903 is finished
[INFO ] 2019-09-23 17:03:50,558 [repositories/ola1] DELETE request invoked for repository 'ola1'
[INFO ] 2019-09-23 17:03:50,609 [repositories/ola1] DELETE request successfully completed
[INFO ] 2019-09-23 17:03:52,736 [http-nio-8080-exec-3] Request for query 3392903 is finished
[INFO ] 2019-09-23 17:12:25,621 [repositories/anime] POST query -1447045517
[INFO ] 2019-09-23 17:12:27,048 [repositories/anime] Request for query 3392903 is finished
[INFO ] 2019-09-23 17:13:52,957 [http-nio-8080-exec-6] Request for query 3392903 is finished
[INFO ] 2019-09-23 17:13:52,969 [http-nio-8080-exec-4] Request for query 3392903 is finished
[INFO ] 2019-09-23 17:13:53,253 [repositories/anime] Request for query 3392903 is finished
[INFO ] 2019-09-23 17:13:53,542 [http-nio-8080-exec-10] Request for query 3392903 is finished
[INFO ] 2019-09-23 17:13:57,800 [http-nio-8080-exec-2] Request for query 3392903 is finished
[INFO ] 2019-09-23 17:13:57,976 [http-nio-8080-exec-5] Request for query 3392903 is finished
[INFO ] 2019-09-23 17:14:01,914 [repositories/anime] Request for query 3392903 is finished
[INFO ] 2019-09-23 17:14:02,149 [http-nio-8080-exec-9] Request for query 3392903 is finished
[INFO ] 2019-09-23 17:14:05,559 [repositories/anime] GET namespace list
[INFO ] 2019-09-23 17:14:05,562 [repositories/anime] Request for query 3392903 is finished
[INFO ] 2019-09-23 17:14:05,760 [http-nio-8080-exec-4] Request for query 3392903 is finished
[INFO ] 2019-09-23 17:14:05,810 [repositories/anime] GET namespace list
[INFO ] 2019-09-23 17:14:05,812 [repositories/anime] Request for query 3392903 is finished
[INFO ] 2019-09-23 17:14:06,990 [repositories/anime] GET statements
[INFO ] 2019-09-23 17:14:09,095 [http-nio-8080-exec-10] Request for query 3392903 is finished
[INFO ] 2019-09-23 17:15:22,652 [repositories/anime] GET query -50314184
[INFO ] 2019-09-23 17:15:22,975 [repositories/anime] Request for query -50314184 is finished
[INFO ] 2019-09-23 17:29:38,563 [main] Closing WebApplicationContext for namespace 'rdf4j-http-server-servlet': startup date [Mon Sep 23 16:44:04 WEST 2019]; root of context hierarchy
